生成启动时间为 2021/12/13 20:20:24。
     1>项目“E:\LK\ModbusTcpDemo\ModbusTcpDemo.vcxproj”在节点 2 上(Build 个目标)。
     1>项目“E:\LK\ModbusTcpDemo\ModbusTcpDemo.vcxproj”(1)正在节点 2 上生成“E:\LK\ModbusTcpDemo\ModbusTcpDemo.vcxproj”(1:2) (Build 个目标)。
     1>QtWork:
         Uic'ing mainwindow.ui...
       ClCompile:
         C:\Program Files (x86)\Microsoft Visual Studio 14.0\VC\bin\x86_amd64\CL.exe /c /IE:\LK\ModbusTcpDemo /IDebug /I. /Idebug /IC:\Qt\Qt5.9.2\5.9.2\msvc2015_64\include /IC:\Qt\Qt5.9.2\5.9.2\msvc2015_64\include\QtWidgets /IC:\Qt\Qt5.9.2\5.9.2\msvc2015_64\include\QtGui /IC:\Qt\Qt5.9.2\5.9.2\msvc2015_64\include\QtANGLE /IC:\Qt\Qt5.9.2\5.9.2\msvc2015_64\include\QtNetwork /IC:\Qt\Qt5.9.2\5.9.2\msvc2015_64\include\QtCore /I"C:\Qt\Qt5.9.2\5.9.2\msvc2015_64\mkspecs\win32-msvc" /IDebug /IE:\LK\ModbusTcpDemo /Zi /nologo /W3 /WX- /MP /Od /D _WINDOWS /D UNICODE /D _UNICODE /D WIN32 /D WIN64 /D QT_DEPRECATED_WARNINGS /D UNICODE /D _UNICODE /D WIN32 /D WIN64 /D QT_WIDGETS_LIB /D QT_GUI_LIB /D QT_NETWORK_LIB /D QT_CORE_LIB /Gm- /EHsc /MDd /GS /fp:precise /Zc:wchar_t /Zc:forScope /Zc:inline /Fo"debug\\" /Fd"debug\vc140.pdb" /Gd /TP /wd4577 /wd4467 /errorReport:prompt -Zc:rvalueCast -Zc:inline -Zc:strictStrings -Zc:throwingNew -w34100 -w34189 -w44996 -w44456 -w44457 -w44458 mainwindow.cpp
         mainwindow.cpp
     1>E:\LK\ModbusTcpDemo\threadforplctcpserver.h : warning C4819: 该文件包含不能在当前代码页(936)中表示的字符。请将该文件保存为 Unicode 格式以防止数据丢失
       Link:
         C:\Program Files (x86)\Microsoft Visual Studio 14.0\VC\bin\x86_amd64\link.exe /ERRORREPORT:PROMPT /OUT:"debug\\ModbusTcpDemo.exe" /NOLOGO /LIBPATH:C:\utils\my_sql\my_sql\lib /LIBPATH:C:\utils\postgresql\pgsql\lib /LIBPATH:C:\Qt\Qt5.9.2\5.9.2\msvc2015_64\lib /LIBPATH:C:\utils\my_sql\my_sql\lib /LIBPATH:C:\utils\postgresql\pgsql\lib shell32.lib C:\Qt\Qt5.9.2\5.9.2\msvc2015_64\lib\qtmaind.lib shell32.lib C:\Qt\Qt5.9.2\5.9.2\msvc2015_64\lib\Qt5Widgetsd.lib C:\Qt\Qt5.9.2\5.9.2\msvc2015_64\lib\Qt5Guid.lib C:\Qt\Qt5.9.2\5.9.2\msvc2015_64\lib\Qt5Networkd.lib C:\Qt\Qt5.9.2\5.9.2\msvc2015_64\lib\Qt5Cored.lib kernel32.lib user32.lib gdi32.lib winspool.lib comdlg32.lib advapi32.lib shell32.lib ole32.lib oleaut32.lib uuid.lib odbc32.lib odbccp32.lib /MANIFEST /MANIFESTUAC:"level='asInvoker' uiAccess='false'" /manifest:embed /Debug /PDB:"debug\ModbusTcpDemo.pdb" /SUBSYSTEM:WINDOWS /TLBID:1 /DYNAMICBASE /NXCOMPAT /MACHINE:X64 "/MANIFESTDEPENDENCY:type='win32' name='Microsoft.Windows.Common-Controls' version='6.0.0.0' publicKeyToken='6595b64144ccf1df' language='*' processorArchitecture='*'" debug\main.obj
         debug\mainwindow.obj
         debug\threadforplctcpserver.obj
         debug\moc_mainwindow.obj
         debug\moc_threadforplctcpserver.obj
         ModbusTcpDemo.vcxproj -> E:\LK\ModbusTcpDemo\debug\ModbusTcpDemo.exe
     1>已完成生成项目“E:\LK\ModbusTcpDemo\ModbusTcpDemo.vcxproj”(Build 个目标)的操作。
     1>已完成生成项目“E:\LK\ModbusTcpDemo\ModbusTcpDemo.vcxproj”(Build 个目标)的操作。

已成功生成。

已用时间 00:00:01.78
